{"D:\\goit_neoversity\\node\\goit-node-rest-api\\controllers\\authControllers.js": {"path":"D:\\goit_neoversity\\node\\goit-node-rest-api\\controllers\\authControllers.js","statementMap":{"0":{"start":{"line":3,"column":24},"end":{"line":18,"column":1}},"1":{"start":{"line":4,"column":2},"end":{"line":17,"column":3}},"2":{"start":{"line":5,"column":20},"end":{"line":5,"column":61}},"3":{"start":{"line":7,"column":4},"end":{"line":13,"column":7}},"4":{"start":{"line":15,"column":64},"end":{"line":15,"column":69}},"5":{"start":{"line":16,"column":4},"end":{"line":16,"column":41}},"6":{"start":{"line":20,"column":21},"end":{"line":31,"column":1}},"7":{"start":{"line":21,"column":30},"end":{"line":21,"column":38}},"8":{"start":{"line":23,"column":2},"end":{"line":30,"column":3}},"9":{"start":{"line":24,"column":17},"end":{"line":24,"column":62}},"10":{"start":{"line":26,"column":4},"end":{"line":26,"column":31}},"11":{"start":{"line":28,"column":64},"end":{"line":28,"column":69}},"12":{"start":{"line":29,"column":4},"end":{"line":29,"column":41}},"13":{"start":{"line":33,"column":22},"end":{"line":41,"column":1}},"14":{"start":{"line":34,"column":2},"end":{"line":40,"column":3}},"15":{"start":{"line":35,"column":4},"end":{"line":35,"column":47}},"16":{"start":{"line":36,"column":4},"end":{"line":36,"column":27}},"17":{"start":{"line":38,"column":64},"end":{"line":38,"column":69}},"18":{"start":{"line":39,"column":4},"end":{"line":39,"column":41}},"19":{"start":{"line":43,"column":30},"end":{"line":51,"column":1}},"20":{"start":{"line":44,"column":2},"end":{"line":50,"column":3}},"21":{"start":{"line":45,"column":17},"end":{"line":45,"column":63}},"22":{"start":{"line":46,"column":4},"end":{"line":46,"column":31}},"23":{"start":{"line":48,"column":64},"end":{"line":48,"column":69}},"24":{"start":{"line":49,"column":4},"end":{"line":49,"column":41}},"25":{"start":{"line":53,"column":34},"end":{"line":72,"column":1}},"26":{"start":{"line":54,"column":2},"end":{"line":71,"column":3}},"27":{"start":{"line":55,"column":29},"end":{"line":55,"column":37}},"28":{"start":{"line":57,"column":4},"end":{"line":61,"column":5}},"29":{"start":{"line":58,"column":6},"end":{"line":60,"column":61}},"30":{"start":{"line":63,"column":24},"end":{"line":66,"column":5}},"31":{"start":{"line":67,"column":4},"end":{"line":67,"column":38}},"32":{"start":{"line":69,"column":64},"end":{"line":69,"column":69}},"33":{"start":{"line":70,"column":4},"end":{"line":70,"column":41}},"34":{"start":{"line":74,"column":28},"end":{"line":91,"column":1}},"35":{"start":{"line":75,"column":2},"end":{"line":90,"column":3}},"36":{"start":{"line":76,"column":4},"end":{"line":78,"column":5}},"37":{"start":{"line":77,"column":6},"end":{"line":77,"column":74}},"38":{"start":{"line":80,"column":22},"end":{"line":80,"column":53}},"39":{"start":{"line":82,"column":24},"end":{"line":85,"column":5}},"40":{"start":{"line":86,"column":4},"end":{"line":86,"column":38}},"41":{"start":{"line":88,"column":64},"end":{"line":88,"column":69}},"42":{"start":{"line":89,"column":4},"end":{"line":89,"column":41}}},"fnMap":{"0":{"name":"(anonymous_0)","decl":{"start":{"line":3,"column":24},"end":{"line":3,"column":25}},"loc":{"start":{"line":3,"column":44},"end":{"line":18,"column":1}},"line":3},"1":{"name":"(anonymous_1)","decl":{"start":{"line":20,"column":21},"end":{"line":20,"column":22}},"loc":{"start":{"line":20,"column":41},"end":{"line":31,"column":1}},"line":20},"2":{"name":"(anonymous_2)","decl":{"start":{"line":33,"column":22},"end":{"line":33,"column":23}},"loc":{"start":{"line":33,"column":42},"end":{"line":41,"column":1}},"line":33},"3":{"name":"(anonymous_3)","decl":{"start":{"line":43,"column":30},"end":{"line":43,"column":31}},"loc":{"start":{"line":43,"column":50},"end":{"line":51,"column":1}},"line":43},"4":{"name":"(anonymous_4)","decl":{"start":{"line":53,"column":34},"end":{"line":53,"column":35}},"loc":{"start":{"line":53,"column":54},"end":{"line":72,"column":1}},"line":53},"5":{"name":"(anonymous_5)","decl":{"start":{"line":74,"column":28},"end":{"line":74,"column":29}},"loc":{"start":{"line":74,"column":48},"end":{"line":91,"column":1}},"line":74}},"branchMap":{"0":{"loc":{"start":{"line":15,"column":12},"end":{"line":15,"column":24}},"type":"default-arg","locations":[{"start":{"line":15,"column":21},"end":{"line":15,"column":24}}],"line":15},"1":{"loc":{"start":{"line":15,"column":26},"end":{"line":15,"column":59}},"type":"default-arg","locations":[{"start":{"line":15,"column":36},"end":{"line":15,"column":59}}],"line":15},"2":{"loc":{"start":{"line":28,"column":12},"end":{"line":28,"column":24}},"type":"default-arg","locations":[{"start":{"line":28,"column":21},"end":{"line":28,"column":24}}],"line":28},"3":{"loc":{"start":{"line":28,"column":26},"end":{"line":28,"column":59}},"type":"default-arg","locations":[{"start":{"line":28,"column":36},"end":{"line":28,"column":59}}],"line":28},"4":{"loc":{"start":{"line":38,"column":12},"end":{"line":38,"column":24}},"type":"default-arg","locations":[{"start":{"line":38,"column":21},"end":{"line":38,"column":24}}],"line":38},"5":{"loc":{"start":{"line":38,"column":26},"end":{"line":38,"column":59}},"type":"default-arg","locations":[{"start":{"line":38,"column":36},"end":{"line":38,"column":59}}],"line":38},"6":{"loc":{"start":{"line":48,"column":12},"end":{"line":48,"column":24}},"type":"default-arg","locations":[{"start":{"line":48,"column":21},"end":{"line":48,"column":24}}],"line":48},"7":{"loc":{"start":{"line":48,"column":26},"end":{"line":48,"column":59}},"type":"default-arg","locations":[{"start":{"line":48,"column":36},"end":{"line":48,"column":59}}],"line":48},"8":{"loc":{"start":{"line":57,"column":4},"end":{"line":61,"column":5}},"type":"if","locations":[{"start":{"line":57,"column":4},"end":{"line":61,"column":5}},{"start":{},"end":{}}],"line":57},"9":{"loc":{"start":{"line":69,"column":12},"end":{"line":69,"column":24}},"type":"default-arg","locations":[{"start":{"line":69,"column":21},"end":{"line":69,"column":24}}],"line":69},"10":{"loc":{"start":{"line":69,"column":26},"end":{"line":69,"column":59}},"type":"default-arg","locations":[{"start":{"line":69,"column":36},"end":{"line":69,"column":59}}],"line":69},"11":{"loc":{"start":{"line":76,"column":4},"end":{"line":78,"column":5}},"type":"if","locations":[{"start":{"line":76,"column":4},"end":{"line":78,"column":5}},{"start":{},"end":{}}],"line":76},"12":{"loc":{"start":{"line":88,"column":12},"end":{"line":88,"column":24}},"type":"default-arg","locations":[{"start":{"line":88,"column":21},"end":{"line":88,"column":24}}],"line":88},"13":{"loc":{"start":{"line":88,"column":26},"end":{"line":88,"column":59}},"type":"default-arg","locations":[{"start":{"line":88,"column":36},"end":{"line":88,"column":59}}],"line":88}},"s":{"0":1,"1":0,"2":0,"3":0,"4":0,"5":0,"6":1,"7":5,"8":5,"9":5,"10":3,"11":2,"12":2,"13":1,"14":0,"15":0,"16":0,"17":0,"18":0,"19":1,"20":0,"21":0,"22":0,"23":0,"24":0,"25":1,"26":0,"27":0,"28":0,"29":0,"30":0,"31":0,"32":0,"33":0,"34":1,"35":0,"36":0,"37":0,"38":0,"39":0,"40":0,"41":0,"42":0},"f":{"0":0,"1":5,"2":0,"3":0,"4":0,"5":0},"b":{"0":[0],"1":[0],"2":[1],"3":[0],"4":[0],"5":[0],"6":[0],"7":[0],"8":[0,0],"9":[0],"10":[0],"11":[0,0],"12":[0],"13":[0]},"_coverageSchema":"1a1c01bbd47fc00a2c39e90264f33305004495a9","hash":"674636c3235cbcad773cf8926fb66cacd59f6729"}
,"D:\\goit_neoversity\\node\\goit-node-rest-api\\controllers\\contactsControllers.js": {"path":"D:\\goit_neoversity\\node\\goit-node-rest-api\\controllers\\contactsControllers.js","statementMap":{"0":{"start":{"line":4,"column":30},"end":{"line":22,"column":1}},"1":{"start":{"line":5,"column":2},"end":{"line":21,"column":3}},"2":{"start":{"line":6,"column":38},"end":{"line":6,"column":47}},"3":{"start":{"line":7,"column":30},"end":{"line":7,"column":32}},"4":{"start":{"line":9,"column":4},"end":{"line":9,"column":44}},"5":{"start":{"line":9,"column":14},"end":{"line":9,"column":44}},"6":{"start":{"line":10,"column":4},"end":{"line":10,"column":47}},"7":{"start":{"line":10,"column":15},"end":{"line":10,"column":47}},"8":{"start":{"line":11,"column":4},"end":{"line":11,"column":56}},"9":{"start":{"line":11,"column":18},"end":{"line":11,"column":56}},"10":{"start":{"line":13,"column":19},"end":{"line":16,"column":5}},"11":{"start":{"line":17,"column":4},"end":{"line":17,"column":33}},"12":{"start":{"line":19,"column":4},"end":{"line":19,"column":53}},"13":{"start":{"line":20,"column":4},"end":{"line":20,"column":63}},"14":{"start":{"line":24,"column":26},"end":{"line":39,"column":1}},"15":{"start":{"line":25,"column":2},"end":{"line":38,"column":3}},"16":{"start":{"line":26,"column":20},"end":{"line":29,"column":5}},"17":{"start":{"line":30,"column":4},"end":{"line":32,"column":5}},"18":{"start":{"line":31,"column":6},"end":{"line":31,"column":27}},"19":{"start":{"line":33,"column":4},"end":{"line":33,"column":22}},"20":{"start":{"line":35,"column":4},"end":{"line":35,"column":52}},"21":{"start":{"line":36,"column":64},"end":{"line":36,"column":69}},"22":{"start":{"line":37,"column":4},"end":{"line":37,"column":41}},"23":{"start":{"line":41,"column":29},"end":{"line":56,"column":1}},"24":{"start":{"line":42,"column":2},"end":{"line":55,"column":3}},"25":{"start":{"line":43,"column":27},"end":{"line":46,"column":5}},"26":{"start":{"line":47,"column":4},"end":{"line":49,"column":5}},"27":{"start":{"line":48,"column":6},"end":{"line":48,"column":27}},"28":{"start":{"line":50,"column":4},"end":{"line":50,"column":29}},"29":{"start":{"line":52,"column":4},"end":{"line":52,"column":52}},"30":{"start":{"line":53,"column":64},"end":{"line":53,"column":69}},"31":{"start":{"line":54,"column":4},"end":{"line":54,"column":41}},"32":{"start":{"line":58,"column":29},"end":{"line":76,"column":1}},"33":{"start":{"line":59,"column":2},"end":{"line":75,"column":3}},"34":{"start":{"line":60,"column":35},"end":{"line":60,"column":43}},"35":{"start":{"line":61,"column":4},"end":{"line":63,"column":5}},"36":{"start":{"line":62,"column":6},"end":{"line":62,"column":66}},"37":{"start":{"line":65,"column":23},"end":{"line":70,"column":6}},"38":{"start":{"line":71,"column":4},"end":{"line":71,"column":37}},"39":{"start":{"line":73,"column":4},"end":{"line":73,"column":52}},"40":{"start":{"line":74,"column":4},"end":{"line":74,"column":63}},"41":{"start":{"line":78,"column":29},"end":{"line":98,"column":1}},"42":{"start":{"line":79,"column":2},"end":{"line":97,"column":3}},"43":{"start":{"line":80,"column":35},"end":{"line":80,"column":43}},"44":{"start":{"line":82,"column":4},"end":{"line":92,"column":5}},"45":{"start":{"line":83,"column":22},"end":{"line":87,"column":7}},"46":{"start":{"line":88,"column":6},"end":{"line":88,"column":74}},"47":{"start":{"line":88,"column":20},"end":{"line":88,"column":74}},"48":{"start":{"line":89,"column":6},"end":{"line":89,"column":24}},"49":{"start":{"line":91,"column":6},"end":{"line":91,"column":64}},"50":{"start":{"line":94,"column":4},"end":{"line":94,"column":52}},"51":{"start":{"line":95,"column":64},"end":{"line":95,"column":69}},"52":{"start":{"line":96,"column":4},"end":{"line":96,"column":41}},"53":{"start":{"line":100,"column":30},"end":{"line":120,"column":1}},"54":{"start":{"line":101,"column":2},"end":{"line":119,"column":3}},"55":{"start":{"line":102,"column":25},"end":{"line":102,"column":33}},"56":{"start":{"line":103,"column":4},"end":{"line":105,"column":5}},"57":{"start":{"line":104,"column":6},"end":{"line":104,"column":53}},"58":{"start":{"line":106,"column":27},"end":{"line":110,"column":5}},"59":{"start":{"line":111,"column":4},"end":{"line":113,"column":5}},"60":{"start":{"line":112,"column":6},"end":{"line":112,"column":27}},"61":{"start":{"line":114,"column":4},"end":{"line":114,"column":29}},"62":{"start":{"line":116,"column":4},"end":{"line":116,"column":60}},"63":{"start":{"line":117,"column":64},"end":{"line":117,"column":69}},"64":{"start":{"line":118,"column":4},"end":{"line":118,"column":41}}},"fnMap":{"0":{"name":"(anonymous_0)","decl":{"start":{"line":4,"column":30},"end":{"line":4,"column":31}},"loc":{"start":{"line":4,"column":50},"end":{"line":22,"column":1}},"line":4},"1":{"name":"(anonymous_1)","decl":{"start":{"line":24,"column":26},"end":{"line":24,"column":27}},"loc":{"start":{"line":24,"column":46},"end":{"line":39,"column":1}},"line":24},"2":{"name":"(anonymous_2)","decl":{"start":{"line":41,"column":29},"end":{"line":41,"column":30}},"loc":{"start":{"line":41,"column":49},"end":{"line":56,"column":1}},"line":41},"3":{"name":"(anonymous_3)","decl":{"start":{"line":58,"column":29},"end":{"line":58,"column":30}},"loc":{"start":{"line":58,"column":49},"end":{"line":76,"column":1}},"line":58},"4":{"name":"(anonymous_4)","decl":{"start":{"line":78,"column":29},"end":{"line":78,"column":30}},"loc":{"start":{"line":78,"column":49},"end":{"line":98,"column":1}},"line":78},"5":{"name":"(anonymous_5)","decl":{"start":{"line":100,"column":30},"end":{"line":100,"column":31}},"loc":{"start":{"line":100,"column":50},"end":{"line":120,"column":1}},"line":100}},"branchMap":{"0":{"loc":{"start":{"line":9,"column":4},"end":{"line":9,"column":44}},"type":"if","locations":[{"start":{"line":9,"column":4},"end":{"line":9,"column":44}},{"start":{},"end":{}}],"line":9},"1":{"loc":{"start":{"line":10,"column":4},"end":{"line":10,"column":47}},"type":"if","locations":[{"start":{"line":10,"column":4},"end":{"line":10,"column":47}},{"start":{},"end":{}}],"line":10},"2":{"loc":{"start":{"line":11,"column":4},"end":{"line":11,"column":56}},"type":"if","locations":[{"start":{"line":11,"column":4},"end":{"line":11,"column":56}},{"start":{},"end":{}}],"line":11},"3":{"loc":{"start":{"line":30,"column":4},"end":{"line":32,"column":5}},"type":"if","locations":[{"start":{"line":30,"column":4},"end":{"line":32,"column":5}},{"start":{},"end":{}}],"line":30},"4":{"loc":{"start":{"line":36,"column":12},"end":{"line":36,"column":24}},"type":"default-arg","locations":[{"start":{"line":36,"column":21},"end":{"line":36,"column":24}}],"line":36},"5":{"loc":{"start":{"line":36,"column":26},"end":{"line":36,"column":59}},"type":"default-arg","locations":[{"start":{"line":36,"column":36},"end":{"line":36,"column":59}}],"line":36},"6":{"loc":{"start":{"line":47,"column":4},"end":{"line":49,"column":5}},"type":"if","locations":[{"start":{"line":47,"column":4},"end":{"line":49,"column":5}},{"start":{},"end":{}}],"line":47},"7":{"loc":{"start":{"line":53,"column":12},"end":{"line":53,"column":24}},"type":"default-arg","locations":[{"start":{"line":53,"column":21},"end":{"line":53,"column":24}}],"line":53},"8":{"loc":{"start":{"line":53,"column":26},"end":{"line":53,"column":59}},"type":"default-arg","locations":[{"start":{"line":53,"column":36},"end":{"line":53,"column":59}}],"line":53},"9":{"loc":{"start":{"line":61,"column":4},"end":{"line":63,"column":5}},"type":"if","locations":[{"start":{"line":61,"column":4},"end":{"line":63,"column":5}},{"start":{},"end":{}}],"line":61},"10":{"loc":{"start":{"line":61,"column":8},"end":{"line":61,"column":33}},"type":"binary-expr","locations":[{"start":{"line":61,"column":8},"end":{"line":61,"column":13}},{"start":{"line":61,"column":17},"end":{"line":61,"column":23}},{"start":{"line":61,"column":27},"end":{"line":61,"column":33}}],"line":61},"11":{"loc":{"start":{"line":82,"column":4},"end":{"line":92,"column":5}},"type":"if","locations":[{"start":{"line":82,"column":4},"end":{"line":92,"column":5}},{"start":{"line":90,"column":11},"end":{"line":92,"column":5}}],"line":82},"12":{"loc":{"start":{"line":82,"column":8},"end":{"line":82,"column":30}},"type":"binary-expr","locations":[{"start":{"line":82,"column":8},"end":{"line":82,"column":12}},{"start":{"line":82,"column":16},"end":{"line":82,"column":21}},{"start":{"line":82,"column":25},"end":{"line":82,"column":30}}],"line":82},"13":{"loc":{"start":{"line":88,"column":6},"end":{"line":88,"column":74}},"type":"if","locations":[{"start":{"line":88,"column":6},"end":{"line":88,"column":74}},{"start":{},"end":{}}],"line":88},"14":{"loc":{"start":{"line":95,"column":12},"end":{"line":95,"column":24}},"type":"default-arg","locations":[{"start":{"line":95,"column":21},"end":{"line":95,"column":24}}],"line":95},"15":{"loc":{"start":{"line":95,"column":26},"end":{"line":95,"column":59}},"type":"default-arg","locations":[{"start":{"line":95,"column":36},"end":{"line":95,"column":59}}],"line":95},"16":{"loc":{"start":{"line":103,"column":4},"end":{"line":105,"column":5}},"type":"if","locations":[{"start":{"line":103,"column":4},"end":{"line":105,"column":5}},{"start":{},"end":{}}],"line":103},"17":{"loc":{"start":{"line":111,"column":4},"end":{"line":113,"column":5}},"type":"if","locations":[{"start":{"line":111,"column":4},"end":{"line":113,"column":5}},{"start":{},"end":{}}],"line":111},"18":{"loc":{"start":{"line":117,"column":12},"end":{"line":117,"column":24}},"type":"default-arg","locations":[{"start":{"line":117,"column":21},"end":{"line":117,"column":24}}],"line":117},"19":{"loc":{"start":{"line":117,"column":26},"end":{"line":117,"column":59}},"type":"default-arg","locations":[{"start":{"line":117,"column":36},"end":{"line":117,"column":59}}],"line":117}},"s":{"0":0,"1":0,"2":0,"3":0,"4":0,"5":0,"6":0,"7":0,"8":0,"9":0,"10":0,"11":0,"12":0,"13":0,"14":0,"15":0,"16":0,"17":0,"18":0,"19":0,"20":0,"21":0,"22":0,"23":0,"24":0,"25":0,"26":0,"27":0,"28":0,"29":0,"30":0,"31":0,"32":0,"33":0,"34":0,"35":0,"36":0,"37":0,"38":0,"39":0,"40":0,"41":0,"42":0,"43":0,"44":0,"45":0,"46":0,"47":0,"48":0,"49":0,"50":0,"51":0,"52":0,"53":0,"54":0,"55":0,"56":0,"57":0,"58":0,"59":0,"60":0,"61":0,"62":0,"63":0,"64":0},"f":{"0":0,"1":0,"2":0,"3":0,"4":0,"5":0},"b":{"0":[0,0],"1":[0,0],"2":[0,0],"3":[0,0],"4":[0],"5":[0],"6":[0,0],"7":[0],"8":[0],"9":[0,0],"10":[0,0,0],"11":[0,0],"12":[0,0,0],"13":[0,0],"14":[0],"15":[0],"16":[0,0],"17":[0,0],"18":[0],"19":[0]}}
,"D:\\goit_neoversity\\node\\goit-node-rest-api\\services\\authServices.js": {"path":"D:\\goit_neoversity\\node\\goit-node-rest-api\\services\\authServices.js","statementMap":{"0":{"start":{"line":8,"column":28},"end":{"line":24,"column":1}},"1":{"start":{"line":9,"column":23},"end":{"line":9,"column":63}},"2":{"start":{"line":10,"column":2},"end":{"line":12,"column":3}},"3":{"start":{"line":11,"column":4},"end":{"line":11,"column":52}},"4":{"start":{"line":15,"column":20},"end":{"line":20,"column":4}},"5":{"start":{"line":22,"column":18},"end":{"line":22,"column":67}},"6":{"start":{"line":23,"column":2},"end":{"line":23,"column":17}},"7":{"start":{"line":26,"column":25},"end":{"line":52,"column":1}},"8":{"start":{"line":27,"column":15},"end":{"line":27,"column":55}},"9":{"start":{"line":29,"column":2},"end":{"line":31,"column":3}},"10":{"start":{"line":30,"column":4},"end":{"line":30,"column":54}},"11":{"start":{"line":33,"column":18},"end":{"line":36,"column":3}},"12":{"start":{"line":38,"column":16},"end":{"line":40,"column":4}},"13":{"start":{"line":43,"column":2},"end":{"line":43,"column":31}},"14":{"start":{"line":44,"column":2},"end":{"line":51,"column":4}},"15":{"start":{"line":54,"column":26},"end":{"line":61,"column":1}},"16":{"start":{"line":55,"column":15},"end":{"line":55,"column":42}},"17":{"start":{"line":56,"column":2},"end":{"line":58,"column":3}},"18":{"start":{"line":57,"column":4},"end":{"line":57,"column":43}},"19":{"start":{"line":60,"column":2},"end":{"line":60,"column":37}},"20":{"start":{"line":63,"column":30},"end":{"line":74,"column":1}},"21":{"start":{"line":64,"column":15},"end":{"line":64,"column":42}},"22":{"start":{"line":65,"column":2},"end":{"line":67,"column":3}},"23":{"start":{"line":66,"column":4},"end":{"line":66,"column":43}},"24":{"start":{"line":69,"column":2},"end":{"line":73,"column":4}},"25":{"start":{"line":76,"column":38},"end":{"line":94,"column":1}},"26":{"start":{"line":77,"column":29},"end":{"line":77,"column":59}},"27":{"start":{"line":79,"column":2},"end":{"line":81,"column":3}},"28":{"start":{"line":80,"column":4},"end":{"line":80,"column":54}},"29":{"start":{"line":83,"column":15},"end":{"line":83,"column":42}},"30":{"start":{"line":84,"column":2},"end":{"line":86,"column":3}},"31":{"start":{"line":85,"column":4},"end":{"line":85,"column":43}},"32":{"start":{"line":88,"column":2},"end":{"line":88,"column":38}},"33":{"start":{"line":90,"column":2},"end":{"line":93,"column":4}},"34":{"start":{"line":96,"column":32},"end":{"line":109,"column":1}},"35":{"start":{"line":97,"column":15},"end":{"line":97,"column":42}},"36":{"start":{"line":98,"column":2},"end":{"line":100,"column":3}},"37":{"start":{"line":99,"column":4},"end":{"line":99,"column":43}},"38":{"start":{"line":102,"column":2},"end":{"line":102,"column":35}},"39":{"start":{"line":104,"column":2},"end":{"line":108,"column":4}}},"fnMap":{"0":{"name":"(anonymous_0)","decl":{"start":{"line":8,"column":28},"end":{"line":8,"column":29}},"loc":{"start":{"line":8,"column":59},"end":{"line":24,"column":1}},"line":8},"1":{"name":"(anonymous_1)","decl":{"start":{"line":26,"column":25},"end":{"line":26,"column":26}},"loc":{"start":{"line":26,"column":52},"end":{"line":52,"column":1}},"line":26},"2":{"name":"(anonymous_2)","decl":{"start":{"line":54,"column":26},"end":{"line":54,"column":27}},"loc":{"start":{"line":54,"column":44},"end":{"line":61,"column":1}},"line":54},"3":{"name":"(anonymous_3)","decl":{"start":{"line":63,"column":30},"end":{"line":63,"column":31}},"loc":{"start":{"line":63,"column":48},"end":{"line":74,"column":1}},"line":63},"4":{"name":"(anonymous_4)","decl":{"start":{"line":76,"column":38},"end":{"line":76,"column":39}},"loc":{"start":{"line":76,"column":70},"end":{"line":94,"column":1}},"line":76},"5":{"name":"(anonymous_5)","decl":{"start":{"line":96,"column":32},"end":{"line":96,"column":33}},"loc":{"start":{"line":96,"column":61},"end":{"line":109,"column":1}},"line":96}},"branchMap":{"0":{"loc":{"start":{"line":10,"column":2},"end":{"line":12,"column":3}},"type":"if","locations":[{"start":{"line":10,"column":2},"end":{"line":12,"column":3}},{"start":{},"end":{}}],"line":10},"1":{"loc":{"start":{"line":29,"column":2},"end":{"line":31,"column":3}},"type":"if","locations":[{"start":{"line":29,"column":2},"end":{"line":31,"column":3}},{"start":{},"end":{}}],"line":29},"2":{"loc":{"start":{"line":29,"column":6},"end":{"line":29,"column":41}},"type":"binary-expr","locations":[{"start":{"line":29,"column":6},"end":{"line":29,"column":11}},{"start":{"line":29,"column":15},"end":{"line":29,"column":41}}],"line":29},"3":{"loc":{"start":{"line":56,"column":2},"end":{"line":58,"column":3}},"type":"if","locations":[{"start":{"line":56,"column":2},"end":{"line":58,"column":3}},{"start":{},"end":{}}],"line":56},"4":{"loc":{"start":{"line":65,"column":2},"end":{"line":67,"column":3}},"type":"if","locations":[{"start":{"line":65,"column":2},"end":{"line":67,"column":3}},{"start":{},"end":{}}],"line":65},"5":{"loc":{"start":{"line":79,"column":2},"end":{"line":81,"column":3}},"type":"if","locations":[{"start":{"line":79,"column":2},"end":{"line":81,"column":3}},{"start":{},"end":{}}],"line":79},"6":{"loc":{"start":{"line":84,"column":2},"end":{"line":86,"column":3}},"type":"if","locations":[{"start":{"line":84,"column":2},"end":{"line":86,"column":3}},{"start":{},"end":{}}],"line":84},"7":{"loc":{"start":{"line":98,"column":2},"end":{"line":100,"column":3}},"type":"if","locations":[{"start":{"line":98,"column":2},"end":{"line":100,"column":3}},{"start":{},"end":{}}],"line":98}},"s":{"0":0,"1":0,"2":0,"3":0,"4":0,"5":0,"6":0,"7":0,"8":0,"9":0,"10":0,"11":0,"12":0,"13":0,"14":0,"15":0,"16":0,"17":0,"18":0,"19":0,"20":0,"21":0,"22":0,"23":0,"24":0,"25":0,"26":0,"27":0,"28":0,"29":0,"30":0,"31":0,"32":0,"33":0,"34":0,"35":0,"36":0,"37":0,"38":0,"39":0},"f":{"0":0,"1":0,"2":0,"3":0,"4":0,"5":0},"b":{"0":[0,0],"1":[0,0],"2":[0,0],"3":[0,0],"4":[0,0],"5":[0,0],"6":[0,0],"7":[0,0]}}
,"D:\\goit_neoversity\\node\\goit-node-rest-api\\services\\contactsServices.js": {"path":"D:\\goit_neoversity\\node\\goit-node-rest-api\\services\\contactsServices.js","statementMap":{"0":{"start":{"line":3,"column":31},"end":{"line":29,"column":1}},"1":{"start":{"line":7,"column":17},"end":{"line":7,"column":35}},"2":{"start":{"line":9,"column":22},"end":{"line":9,"column":31}},"3":{"start":{"line":10,"column":2},"end":{"line":12,"column":3}},"4":{"start":{"line":11,"column":4},"end":{"line":11,"column":68}},"5":{"start":{"line":14,"column":26},"end":{"line":19,"column":4}},"6":{"start":{"line":21,"column":2},"end":{"line":28,"column":4}},"7":{"start":{"line":31,"column":30},"end":{"line":33,"column":1}},"8":{"start":{"line":32,"column":2},"end":{"line":32,"column":57}},"9":{"start":{"line":35,"column":26},"end":{"line":37,"column":1}},"10":{"start":{"line":36,"column":2},"end":{"line":36,"column":61}},"11":{"start":{"line":39,"column":33},"end":{"line":44,"column":1}},"12":{"start":{"line":40,"column":18},"end":{"line":40,"column":65}},"13":{"start":{"line":41,"column":2},"end":{"line":41,"column":28}},"14":{"start":{"line":41,"column":16},"end":{"line":41,"column":28}},"15":{"start":{"line":42,"column":2},"end":{"line":42,"column":29}},"16":{"start":{"line":43,"column":2},"end":{"line":43,"column":17}},"17":{"start":{"line":46,"column":29},"end":{"line":51,"column":1}},"18":{"start":{"line":47,"column":18},"end":{"line":47,"column":76}},"19":{"start":{"line":48,"column":2},"end":{"line":48,"column":28}},"20":{"start":{"line":48,"column":16},"end":{"line":48,"column":28}},"21":{"start":{"line":49,"column":2},"end":{"line":49,"column":26}},"22":{"start":{"line":50,"column":2},"end":{"line":50,"column":17}},"23":{"start":{"line":53,"column":36},"end":{"line":58,"column":1}},"24":{"start":{"line":54,"column":18},"end":{"line":54,"column":65}},"25":{"start":{"line":55,"column":2},"end":{"line":55,"column":28}},"26":{"start":{"line":55,"column":16},"end":{"line":55,"column":28}},"27":{"start":{"line":56,"column":2},"end":{"line":56,"column":37}},"28":{"start":{"line":57,"column":2},"end":{"line":57,"column":17}}},"fnMap":{"0":{"name":"(anonymous_0)","decl":{"start":{"line":3,"column":31},"end":{"line":3,"column":32}},"loc":{"start":{"line":6,"column":5},"end":{"line":29,"column":1}},"line":6},"1":{"name":"(anonymous_1)","decl":{"start":{"line":31,"column":30},"end":{"line":31,"column":31}},"loc":{"start":{"line":31,"column":51},"end":{"line":33,"column":1}},"line":31},"2":{"name":"(anonymous_2)","decl":{"start":{"line":35,"column":26},"end":{"line":35,"column":27}},"loc":{"start":{"line":35,"column":67},"end":{"line":37,"column":1}},"line":35},"3":{"name":"(anonymous_3)","decl":{"start":{"line":39,"column":33},"end":{"line":39,"column":34}},"loc":{"start":{"line":39,"column":60},"end":{"line":44,"column":1}},"line":39},"4":{"name":"(anonymous_4)","decl":{"start":{"line":46,"column":29},"end":{"line":46,"column":30}},"loc":{"start":{"line":46,"column":57},"end":{"line":51,"column":1}},"line":46},"5":{"name":"(anonymous_5)","decl":{"start":{"line":53,"column":36},"end":{"line":53,"column":37}},"loc":{"start":{"line":53,"column":67},"end":{"line":58,"column":1}},"line":53}},"branchMap":{"0":{"loc":{"start":{"line":5,"column":2},"end":{"line":5,"column":41}},"type":"default-arg","locations":[{"start":{"line":5,"column":39},"end":{"line":5,"column":41}}],"line":5},"1":{"loc":{"start":{"line":5,"column":4},"end":{"line":5,"column":12}},"type":"default-arg","locations":[{"start":{"line":5,"column":11},"end":{"line":5,"column":12}}],"line":5},"2":{"loc":{"start":{"line":5,"column":14},"end":{"line":5,"column":24}},"type":"default-arg","locations":[{"start":{"line":5,"column":22},"end":{"line":5,"column":24}}],"line":5},"3":{"loc":{"start":{"line":10,"column":2},"end":{"line":12,"column":3}},"type":"if","locations":[{"start":{"line":10,"column":2},"end":{"line":12,"column":3}},{"start":{},"end":{}}],"line":10},"4":{"loc":{"start":{"line":11,"column":27},"end":{"line":11,"column":67}},"type":"binary-expr","locations":[{"start":{"line":11,"column":27},"end":{"line":11,"column":46}},{"start":{"line":11,"column":50},"end":{"line":11,"column":67}}],"line":11},"5":{"loc":{"start":{"line":41,"column":2},"end":{"line":41,"column":28}},"type":"if","locations":[{"start":{"line":41,"column":2},"end":{"line":41,"column":28}},{"start":{},"end":{}}],"line":41},"6":{"loc":{"start":{"line":48,"column":2},"end":{"line":48,"column":28}},"type":"if","locations":[{"start":{"line":48,"column":2},"end":{"line":48,"column":28}},{"start":{},"end":{}}],"line":48},"7":{"loc":{"start":{"line":55,"column":2},"end":{"line":55,"column":28}},"type":"if","locations":[{"start":{"line":55,"column":2},"end":{"line":55,"column":28}},{"start":{},"end":{}}],"line":55}},"s":{"0":0,"1":0,"2":0,"3":0,"4":0,"5":0,"6":0,"7":0,"8":0,"9":0,"10":0,"11":0,"12":0,"13":0,"14":0,"15":0,"16":0,"17":0,"18":0,"19":0,"20":0,"21":0,"22":0,"23":0,"24":0,"25":0,"26":0,"27":0,"28":0},"f":{"0":0,"1":0,"2":0,"3":0,"4":0,"5":0},"b":{"0":[0],"1":[0],"2":[0],"3":[0,0],"4":[0,0],"5":[0,0],"6":[0,0],"7":[0,0]}}
}
